<?xml version="1.0" encoding="UTF-8"?>
<!-- Generated by org.testng.reporters.JUnitReportReporter -->
<testsuite skipped="0" hostname="DESKTOP-V3L13U9" name="RUN.Home_Site" tests="2" failures="0" timestamp="2020-02-23T11:35:31 EST" time="12.239" errors="0">
  <testcase name="f" time="6.173" classname="RUN.Home_Site"/>
  <testcase name="f" time="6.066" classname="RUN.Home_Site"/>
</testsuite> <!-- RUN.Home_Site -->
