<?xml version="1.0" encoding="UTF-8"?>
<!-- Generated by org.testng.reporters.JUnitReportReporter -->
<testsuite skipped="0" hostname="DESKTOP-V3L13U9" name="RUN.DATAprovider" tests="8" failures="0" timestamp="2020-02-23T12:50:11 EST" time="39.313" errors="0">
  <testcase name="f" time="4.877" classname="RUN.DATAprovider"/>
  <testcase name="f" time="3.519" classname="RUN.DATAprovider"/>
  <testcase name="f" time="4.032" classname="RUN.DATAprovider"/>
  <testcase name="f" time="5.934" classname="RUN.DATAprovider"/>
  <testcase name="f" time="8.508" classname="RUN.DATAprovider"/>
  <testcase name="f" time="3.912" classname="RUN.DATAprovider"/>
  <testcase name="f" time="3.609" classname="RUN.DATAprovider"/>
  <testcase name="f" time="4.922" classname="RUN.DATAprovider"/>
</testsuite> <!-- RUN.DATAprovider -->
